#
# There is insufficient memory for the Java Runtime Environment to continue.
# Native memory allocation (mmap) failed to map 20971520 bytes. Error detail: G1 virtual space
# Possible reasons:
#   The system is out of physical RAM or swap space
#   This process is running with CompressedOops enabled, and the Java Heap may be blocking the growth of the native heap
# Possible solutions:
#   Reduce memory load on the system
#   Increase physical memory or swap space
#   Check if swap backing store is full
#   Decrease Java heap size (-Xmx/-Xms)
#   Decrease number of Java threads
#   Decrease Java thread stack sizes (-Xss)
#   Set larger code cache with -XX:ReservedCodeCacheSize=
#   JVM is running with Unscaled Compressed Oops mode in which the Java heap is
#     placed in the first 4GB address space. The Java Heap base address is the
#     maximum limit for the native heap growth. Please use -XX:HeapBaseMinAddress
#     to set the Java Heap base and to place the Java Heap above 4GB virtual address.
# This output file may be truncated or incomplete.
#
#  Out of Memory Error (os_windows.cpp:3825), pid=10196, tid=13496
#
# JRE version: OpenJDK Runtime Environment (17.0.11) (build 17.0.11+0--11852314)
# Java VM: OpenJDK 64-Bit Server VM (17.0.11+0--11852314, mixed mode, tiered, compressed oops, compressed class ptrs, g1 gc, windows-amd64)
# No core dump will be written. Minidumps are not enabled by default on client versions of Windows
#

---------------  S U M M A R Y ------------

Command Line: org.jetbrains.kotlin.cli.jvm.K2JVMCompiler @C:\Users\lenovo\AndroidStudioProjects\viewdata\app\build\20241108_12613873221171830659.compiler.options

Host: Intel(R) Core(TM) i7-4710MQ CPU @ 2.50GHz, 8 cores, 7G,  Windows 10 , 64 bit Build 19041 (10.0.19041.4957)
Time: Fri Nov  8 20:23:23 2024 Pacific Standard Time elapsed time: 11.186553 seconds (0d 0h 0m 11s)

---------------  T H R E A D  ---------------

Current thread (0x000002cc7f6feb30):  VMThread "VM Thread" [stack: 0x000000e2d2c00000,0x000000e2d2d00000] [id=13496]

Stack: [0x000000e2d2c00000,0x000000e2d2d00000]
Native frames: (J=compiled Java code, j=interpreted, Vv=VM code, C=native code)
V  [jvm.dll+0x687bb9]
V  [jvm.dll+0x84142a]
V  [jvm.dll+0x8430ae]
V  [jvm.dll+0x843713]
V  [jvm.dll+0x24a35f]
V  [jvm.dll+0x684989]
V  [jvm.dll+0x67923a]
V  [jvm.dll+0x30af0b]
V  [jvm.dll+0x3123b6]
V  [jvm.dll+0x361dfe]
V  [jvm.dll+0x36202f]
V  [jvm.dll+0x2e0d38]
V  [jvm.dll+0x2df144]
V  [jvm.dll+0x2de74c]
V  [jvm.dll+0x32305b]
V  [jvm.dll+0x847e0b]
V  [jvm.dll+0x848b42]
V  [jvm.dll+0x84905d]
V  [jvm.dll+0x849434]
V  [jvm.dll+0x849500]
V  [jvm.dll+0x7efa4a]
V  [jvm.dll+0x686a35]
C  [ucrtbase.dll+0x21bb2]
C  [KERNEL32.DLL+0x17374]
C  [ntdll.dll+0x4cc91]

VM_Operation (0x000000e2d26fa1a0): G1CollectForAllocation, mode: safepoint, requested by thread 0x000002cc7497e460


---------------  P R O C E S S  ---------------

Threads class SMR info:
_java_thread_list=0x000002cc169f6ff0, length=13, elements={
0x000002cc7497e460, 0x000002cc7f844a10, 0x000002cc7f845890, 0x000002cc7f8a8010,
0x000002cc7f8a9c50, 0x000002cc7f8ac720, 0x000002cc7f8ad0e0, 0x000002cc7f8b6290,
0x000002cc7f8ba240, 0x000002cc7f8bac40, 0x000002cc7fa2b170, 0x000002cc7fa2ba60,
0x000002cc16243ae0
}

Java Threads: ( => current thread )
  0x000002cc7497e460 JavaThread "main" [_thread_blocked, id=7396, stack(0x000000e2d2600000,0x000000e2d2700000)]
  0x000002cc7f844a10 JavaThread "Reference Handler" daemon [_thread_blocked, id=5524, stack(0x000000e2d2d00000,0x000000e2d2e00000)]
  0x000002cc7f845890 JavaThread "Finalizer" daemon [_thread_blocked, id=6176, stack(0x000000e2d2e00000,0x000000e2d2f00000)]
  0x000002cc7f8a8010 JavaThread "Signal Dispatcher" daemon [_thread_blocked, id=2804, stack(0x000000e2d2f00000,0x000000e2d3000000)]
  0x000002cc7f8a9c50 JavaThread "Attach Listener" daemon [_thread_blocked, id=8824, stack(0x000000e2d3000000,0x000000e2d3100000)]
  0x000002cc7f8ac720 JavaThread "Service Thread" daemon [_thread_blocked, id=11036, stack(0x000000e2d3100000,0x000000e2d3200000)]
  0x000002cc7f8ad0e0 JavaThread "Monitor Deflation Thread" daemon [_thread_blocked, id=1316, stack(0x000000e2d3200000,0x000000e2d3300000)]
  0x000002cc7f8b6290 JavaThread "C2 CompilerThread0" daemon [_thread_blocked, id=13928, stack(0x000000e2d3300000,0x000000e2d3400000)]
  0x000002cc7f8ba240 JavaThread "C1 CompilerThread0" daemon [_thread_blocked, id=11088, stack(0x000000e2d3400000,0x000000e2d3500000)]
  0x000002cc7f8bac40 JavaThread "Sweeper thread" daemon [_thread_blocked, id=15132, stack(0x000000e2d3500000,0x000000e2d3600000)]
  0x000002cc7fa2b170 JavaThread "Notification Thread" daemon [_thread_blocked, id=1448, stack(0x000000e2d3600000,0x000000e2d3700000)]
  0x000002cc7fa2ba60 JavaThread "Common-Cleaner" daemon [_thread_blocked, id=5152, stack(0x000000e2d3800000,0x000000e2d3900000)]
  0x000002cc16243ae0 JavaThread "C2 CompilerThread1" daemon [_thread_blocked, id=592, stack(0x000000e2d4100000,0x000000e2d4200000)]

Other Threads:
=>0x000002cc7f6feb30 VMThread "VM Thread" [stack: 0x000000e2d2c00000,0x000000e2d2d00000] [id=13496]
  0x000002cc7f993b30 WatcherThread [stack: 0x000000e2d3700000,0x000000e2d3800000] [id=1488]
  0x000002cc749d98e0 GCTaskThread "GC Thread#0" [stack: 0x000000e2d2700000,0x000000e2d2800000] [id=4588]
  0x000002cc152f6620 GCTaskThread "GC Thread#1" [stack: 0x000000e2d3900000,0x000000e2d3a00000] [id=9684]
  0x000002cc152f68e0 GCTaskThread "GC Thread#2" [stack: 0x000000e2d3a00000,0x000000e2d3b00000] [id=10236]
  0x000002cc153e3190 GCTaskThread "GC Thread#3" [stack: 0x000000e2d3b00000,0x000000e2d3c00000] [id=14768]
  0x000002cc153e5460 GCTaskThread "GC Thread#4" [stack: 0x000000e2d3c00000,0x000000e2d3d00000] [id=6340]
  0x000002cc154e4070 GCTaskThread "GC Thread#5" [stack: 0x000000e2d3d00000,0x000000e2d3e00000] [id=14760]
  0x000002cc15a1ec90 GCTaskThread "GC Thread#6" [stack: 0x000000e2d3e00000,0x000000e2d3f00000] [id=12664]
  0x000002cc1561f140 GCTaskThread "GC Thread#7" [stack: 0x000000e2d3f00000,0x000000e2d4000000] [id=12996]
  0x000002cc749eac10 ConcurrentGCThread "G1 Main Marker" [stack: 0x000000e2d2800000,0x000000e2d2900000] [id=11268]
  0x000002cc749eb630 ConcurrentGCThread "G1 Conc#0" [stack: 0x000000e2d2900000,0x000000e2d2a00000] [id=2868]
  0x000002cc15a60de0 ConcurrentGCThread "G1 Conc#1" [stack: 0x000000e2d4000000,0x000000e2d4100000] [id=2312]
  0x000002cc74a3e0c0 ConcurrentGCThread "G1 Refine#0" [stack: 0x000000e2d2a00000,0x000000e2d2b00000] [id=1400]
  0x000002cc74a3eaf0 ConcurrentGCThread "G1 Service" [stack: 0x000000e2d2b00000,0x000000e2d2c00000] [id=15044]

Threads with active compile tasks:
C1 CompilerThread0    11241 5243       3       org.jetbrains.kotlin.load.java.lazy.descriptors.LazyJavaAnnotationDescriptor$type$2::<init> (11 bytes)

VM state: at safepoint (normal execution)

VM Mutex/Monitor currently owned by a thread:  ([mutex/lock_event])
[0x000002cc7497b0c0] Threads_lock - owner thread: 0x000002cc7f6feb30
[0x000002cc7497b150] Heap_lock - owner thread: 0x000002cc7497e460

Heap address: 0x0000000081e00000, size: 2018 MB, Compressed Oops mode: 32-bit

CDS archive(s) not mapped
Compressed class space mapped at: 0x0000000100000000-0x0000000140000000, reserved size: 1073741824
Narrow klass base: 0x0000000000000000, Narrow klass shift: 3, Narrow klass range: 0x140000000

GC Precious Log:
 CPUs: 8 total, 8 available
 Memory: 8070M
 Large Page Support: Disabled
 NUMA Support: Disabled
 Compressed Oops: Enabled (32-bit)
 Heap Region Size: 1M
 Heap Min Capacity: 8M
 Heap Initial Capacity: 128M
 Heap Max Capacity: 2018M
 Pre-touch: Disabled
 Parallel Workers: 8
 Concurrent Workers: 2
 Concurrent Refinement Workers: 8
 Periodic GC: Disabled

Heap:
 garbage-first heap   total 96256K, used 34769K [0x0000000081e00000, 0x0000000100000000)
  region size 1024K, 3 young (3072K), 3 survivors (3072K)
 Metaspace       used 52878K, committed 53120K, reserved 1114112K
  class space    used 6288K, committed 6400K, reserved 1048576K

Heap Regions: E=young(eden), S=young(survivor), O=old, HS=humongous(starts), HC=humongous(continues), CS=collection set, F=free, OA=open archive, CA=closed archive, TAMS=top-at-mark-start (previous, next)
|   0|0x0000000081e00000, 0x0000000081f00000, 0x0000000081f00000|100%|HS|  |TAMS 0x0000000081f00000, 0x0000000081f00000| Complete 
|   1|0x0000000081f00000, 0x0000000082000000, 0x0000000082000000|100%|HC|  |TAMS 0x0000000082000000, 0x0000000082000000| Complete 
|   2|0x0000000082000000, 0x0000000082100000, 0x0000000082100000|100%|HC|  |TAMS 0x0000000082100000, 0x0000000082100000| Complete 
|   3|0x0000000082100000, 0x0000000082200000, 0x0000000082200000|100%|HC|  |TAMS 0x0000000082200000, 0x0000000082200000| Complete 
|   4|0x0000000082200000, 0x0000000082300000, 0x0000000082300000|100%| O|  |TAMS 0x0000000082300000, 0x0000000082300000| Untracked 
|   5|0x0000000082300000, 0x0000000082400000, 0x0000000082400000|100%| O|  |TAMS 0x0000000082400000, 0x0000000082400000| Untracked 
|   6|0x0000000082400000, 0x0000000082500000, 0x0000000082500000|100%| O|  |TAMS 0x0000000082500000, 0x0000000082500000| Untracked 
|   7|0x0000000082500000, 0x0000000082600000, 0x0000000082600000|100%| O|  |TAMS 0x0000000082600000, 0x0000000082600000| Untracked 
|   8|0x0000000082600000, 0x0000000082700000, 0x0000000082700000|100%| O|  |TAMS 0x0000000082700000, 0x0000000082700000| Untracked 
|   9|0x0000000082700000, 0x0000000082800000, 0x0000000082800000|100%| O|  |TAMS 0x0000000082700000, 0x0000000082800000| Untracked 
|  10|0x0000000082800000, 0x0000000082900000, 0x0000000082900000|100%| O|  |TAMS 0x0000000082900000, 0x0000000082900000| Untracked 
|  11|0x0000000082900000, 0x0000000082a00000, 0x0000000082a00000|100%| O|  |TAMS 0x0000000082a00000, 0x0000000082a00000| Untracked 
|  12|0x0000000082a00000, 0x0000000082b00000, 0x0000000082b00000|100%| O|  |TAMS 0x0000000082a00000, 0x0000000082b00000| Untracked 
|  13|0x0000000082b00000, 0x0000000082c00000, 0x0000000082c00000|100%| O|  |TAMS 0x0000000082b00000, 0x0000000082c00000| Untracked 
|  14|0x0000000082c00000, 0x0000000082d00000, 0x0000000082d00000|100%| O|  |TAMS 0x0000000082d00000, 0x0000000082d00000| Untracked 
|  15|0x0000000082d00000, 0x0000000082e00000, 0x0000000082e00000|100%| O|  |TAMS 0x0000000082e00000, 0x0000000082e00000| Untracked 
|  16|0x0000000082e00000, 0x0000000082f00000, 0x0000000082f00000|100%| O|  |TAMS 0x0000000082f00000, 0x0000000082f00000| Untracked 
|  17|0x0000000082f00000, 0x0000000083000000, 0x0000000083000000|100%| O|  |TAMS 0x0000000082f00000, 0x0000000083000000| Untracked 
|  18|0x0000000083000000, 0x0000000083100000, 0x0000000083100000|100%| O|  |TAMS 0x0000000083000000, 0x0000000083100000| Untracked 
|  19|0x0000000083100000, 0x0000000083200000, 0x0000000083200000|100%| O|  |TAMS 0x0000000083100000, 0x0000000083200000| Untracked 
|  20|0x0000000083200000, 0x0000000083300000, 0x0000000083300000|100%| O|  |TAMS 0x0000000083242400, 0x0000000083300000| Untracked 
|  21|0x0000000083300000, 0x0000000083400000, 0x0000000083400000|100%|HS|  |TAMS 0x0000000083300000, 0x0000000083400000| Complete 
|  22|0x0000000083400000, 0x0000000083500000, 0x0000000083500000|100%|HC|  |TAMS 0x0000000083400000, 0x0000000083500000| Complete 
|  23|0x0000000083500000, 0x0000000083600000, 0x0000000083600000|100%| O|  |TAMS 0x0000000083500000, 0x00000000835e7c00| Untracked 
|  24|0x0000000083600000, 0x0000000083700000, 0x0000000083700000|100%| O|  |TAMS 0x0000000083600000, 0x0000000083700000| Untracked 
|  25|0x0000000083700000, 0x0000000083800000, 0x0000000083800000|100%| O|  |TAMS 0x0000000083700000, 0x0000000083800000| Untracked 
|  26|0x0000000083800000, 0x0000000083900000, 0x0000000083900000|100%| O|  |TAMS 0x0000000083800000, 0x0000000083900000| Untracked 
|  27|0x0000000083900000, 0x0000000083a00000, 0x0000000083a00000|100%| O|  |TAMS 0x0000000083900000, 0x0000000083a00000| Untracked 
|  28|0x0000000083a00000, 0x0000000083b00000, 0x0000000083b00000|100%| O|  |TAMS 0x0000000083a00000, 0x0000000083a00000| Untracked 
|  29|0x0000000083b00000, 0x0000000083c00000, 0x0000000083c00000|100%| O|  |TAMS 0x0000000083b00000, 0x0000000083b00000| Untracked 
|  30|0x0000000083c00000, 0x0000000083cf4400, 0x0000000083d00000| 95%| O|  |TAMS 0x0000000083c00000, 0x0000000083c00000| Untracked 
|  31|0x0000000083d00000, 0x0000000083d00000, 0x0000000083e00000|  0%| F|  |TAMS 0x0000000083d00000, 0x0000000083d00000| Untracked 
|  32|0x0000000083e00000, 0x0000000083e00000, 0x0000000083f00000|  0%| F|  |TAMS 0x0000000083e00000, 0x0000000083e00000| Untracked 
|  33|0x0000000083f00000, 0x0000000083f00000, 0x0000000084000000|  0%| F|  |TAMS 0x0000000083f00000, 0x0000000083f00000| Untracked 
|  34|0x0000000084000000, 0x0000000084000000, 0x0000000084100000|  0%| F|  |TAMS 0x0000000084000000, 0x0000000084000000| Untracked 
|  35|0x0000000084100000, 0x0000000084100000, 0x0000000084200000|  0%| F|  |TAMS 0x0000000084100000, 0x0000000084100000| Untracked 
|  36|0x0000000084200000, 0x0000000084200000, 0x0000000084300000|  0%| F|  |TAMS 0x0000000084200000, 0x0000000084200000| Untracked 
|  37|0x0000000084300000, 0x0000000084300000, 0x0000000084400000|  0%| F|  |TAMS 0x0000000084300000, 0x0000000084300000| Untracked 
|  38|0x0000000084400000, 0x0000000084400000, 0x0000000084500000|  0%| F|  |TAMS 0x0000000084400000, 0x0000000084400000| Untracked 
|  39|0x0000000084500000, 0x0000000084500000, 0x0000000084600000|  0%| F|  |TAMS 0x0000000084500000, 0x0000000084500000| Untracked 
|  40|0x0000000084600000, 0x0000000084600000, 0x0000000084700000|  0%| F|  |TAMS 0x0000000084600000, 0x0000000084600000| Untracked 
|  41|0x0000000084700000, 0x0000000084700000, 0x0000000084800000|  0%| F|  |TAMS 0x0000000084700000, 0x0000000084700000| Untracked 
|  42|0x0000000084800000, 0x0000000084900000, 0x0000000084900000|100%| S|CS|TAMS 0x0000000084800000, 0x0000000084800000| Complete 
|  43|0x0000000084900000, 0x0000000084a00000, 0x0000000084a00000|100%| S|CS|TAMS 0x0000000084900000, 0x0000000084900000| Complete 
|  44|0x0000000084a00000, 0x0000000084b00000, 0x0000000084b00000|100%| S|CS|TAMS 0x0000000084a00000, 0x0000000084a00000| Complete 
|  45|0x0000000084b00000, 0x0000000084b00000, 0x0000000084c00000|  0%| F|  |TAMS 0x0000000084b00000, 0x0000000084b00000| Untracked 
|  46|0x0000000084c00000, 0x0000000084c00000, 0x0000000084d00000|  0%| F|  |TAMS 0x0000000084c00000, 0x0000000084c00000| Untracked 
|  47|0x0000000084d00000, 0x0000000084d00000, 0x0000000084e00000|  0%| F|  |TAMS 0x0000000084d00000, 0x0000000084d00000| Untracked 
|  48|0x0000000084e00000, 0x0000000084e00000, 0x0000000084f00000|  0%| F|  |TAMS 0x0000000084e00000, 0x0000000084e00000| Untracked 
|  49|0x0000000084f00000, 0x0000000084f00000, 0x0000000085000000|  0%| F|  |TAMS 0x0000000084f00000, 0x0000000084f00000| Untracked 
|  50|0x0000000085000000, 0x0000000085000000, 0x0000000085100000|  0%| F|  |TAMS 0x0000000085000000, 0x0000000085000000| Untracked 
|  51|0x0000000085100000, 0x0000000085100000, 0x0000000085200000|  0%| F|  |TAMS 0x0000000085100000, 0x0000000085100000| Untracked 
|  52|0x0000000085200000, 0x0000000085200000, 0x0000000085300000|  0%| F|  |TAMS 0x0000000085200000, 0x0000000085200000| Untracked 
|  53|0x0000000085300000, 0x0000000085300000, 0x0000000085400000|  0%| F|  |TAMS 0x0000000085300000, 0x0000000085300000| Untracked 
|  54|0x0000000085400000, 0x0000000085400000, 0x0000000085500000|  0%| F|  |TAMS 0x0000000085400000, 0x0000000085400000| Untracked 
|  55|0x0000000085500000, 0x0000000085500000, 0x0000000085600000|  0%| F|  |TAMS 0x0000000085500000, 0x0000000085500000| Untracked 
|  56|0x0000000085600000, 0x0000000085600000, 0x0000000085700000|  0%| F|  |TAMS 0x0000000085600000, 0x0000000085600000| Untracked 
|  57|0x0000000085700000, 0x0000000085700000, 0x0000000085800000|  0%| F|  |TAMS 0x0000000085700000, 0x0000000085700000| Untracked 
|  58|0x0000000085800000, 0x0000000085800000, 0x0000000085900000|  0%| F|  |TAMS 0x0000000085800000, 0x0000000085800000| Untracked 
|  59|0x0000000085900000, 0x0000000085900000, 0x0000000085a00000|  0%| F|  |TAMS 0x0000000085900000, 0x0000000085900000| Untracked 
|  60|0x0000000085a00000, 0x0000000085a00000, 0x0000000085b00000|  0%| F|  |TAMS 0x0000000085a00000, 0x0000000085a00000| Untracked 
|  61|0x0000000085b00000, 0x0000000085b00000, 0x0000000085c00000|  0%| F|  |TAMS 0x0000000085b00000, 0x0000000085b00000| Untracked 
|  62|0x0000000085c00000, 0x0000000085c00000, 0x0000000085d00000|  0%| F|  |TAMS 0x0000000085c00000, 0x0000000085c00000| Untracked 
|  63|0x0000000085d00000, 0x0000000085d00000, 0x0000000085e00000|  0%| F|  |TAMS 0x0000000085d00000, 0x0000000085d00000| Untracked 
|  64|0x0000000085e00000, 0x0000000085e00000, 0x0000000085f00000|  0%| F|  |TAMS 0x0000000085e00000, 0x0000000085e00000| Untracked 
|  65|0x0000000085f00000, 0x0000000085f00000, 0x0000000086000000|  0%| F|  |TAMS 0x0000000085f00000, 0x0000000085f00000| Untracked 
|  66|0x0000000086000000, 0x0000000086000000, 0x0000000086100000|  0%| F|  |TAMS 0x0000000086000000, 0x0000000086000000| Untracked 
|  67|0x0000000086100000, 0x0000000086100000, 0x0000000086200000|  0%| F|  |TAMS 0x0000000086100000, 0x0000000086100000| Untracked 
|  68|0x0000000086200000, 0x0000000086200000, 0x0000000086300000|  0%| F|  |TAMS 0x0000000086200000, 0x0000000086200000| Untracked 
|  69|0x0000000086300000, 0x0000000086300000, 0x0000000086400000|  0%| F|  |TAMS 0x0000000086300000, 0x0000000086300000| Untracked 
|  70|0x0000000086400000, 0x0000000086400000, 0x0000000086500000|  0%| F|  |TAMS 0x0000000086400000, 0x0000000086400000| Untracked 
|  71|0x0000000086500000, 0x0000000086500000, 0x0000000086600000|  0%| F|  |TAMS 0x0000000086500000, 0x0000000086500000| Untracked 
|  72|0x0000000086600000, 0x0000000086600000, 0x0000000086700000|  0%| F|  |TAMS 0x0000000086600000, 0x0000000086600000| Untracked 
|  73|0x0000000086700000, 0x0000000086700000, 0x0000000086800000|  0%| F|  |TAMS 0x0000000086700000, 0x0000000086700000| Untracked 
|  74|0x0000000086800000, 0x0000000086800000, 0x0000000086900000|  0%| F|  |TAMS 0x0000000086800000, 0x0000000086800000| Untracked 
|  75|0x0000000086900000, 0x0000000086900000, 0x0000000086a00000|  0%| F|  |TAMS 0x0000000086900000, 0x0000000086900000| Untracked 
|  76|0x0000000086a00000, 0x0000000086a00000, 0x0000000086b00000|  0%| F|  |TAMS 0x0000000086a00000, 0x0000000086a00000| Untracked 
|  77|0x0000000086b00000, 0x0000000086b00000, 0x0000000086c00000|  0%| F|  |TAMS 0x0000000086b00000, 0x0000000086b00000| Untracked 
|  78|0x0000000086c00000, 0x0000000086c00000, 0x0000000086d00000|  0%| F|  |TAMS 0x0000000086c00000, 0x0000000086c00000| Untracked 
|  79|0x0000000086d00000, 0x0000000086d00000, 0x0000000086e00000|  0%| F|  |TAMS 0x0000000086d00000, 0x0000000086d00000| Untracked 
|  80|0x0000000086e00000, 0x0000000086e00000, 0x0000000086f00000|  0%| F|  |TAMS 0x0000000086e00000, 0x0000000086e00000| Untracked 
|  81|0x0000000086f00000, 0x0000000086f00000, 0x0000000087000000|  0%| F|  |TAMS 0x0000000086f00000, 0x0000000086f00000| Untracked 
|  82|0x0000000087000000, 0x0000000087000000, 0x0000000087100000|  0%| F|  |TAMS 0x0000000087000000, 0x0000000087000000| Untracked 
|  83|0x0000000087100000, 0x0000000087100000, 0x0000000087200000|  0%| F|  |TAMS 0x0000000087100000, 0x0000000087100000| Untracked 
|  84|0x0000000087200000, 0x0000000087200000, 0x0000000087300000|  0%| F|  |TAMS 0x0000000087200000, 0x0000000087200000| Untracked 
|  85|0x0000000087300000, 0x0000000087300000, 0x0000000087400000|  0%| F|  |TAMS 0x0000000087300000, 0x0000000087300000| Untracked 
|  86|0x0000000087400000, 0x0000000087400000, 0x0000000087500000|  0%| F|  |TAMS 0x0000000087400000, 0x0000000087400000| Untracked 
|  87|0x0000000087500000, 0x0000000087500000, 0x0000000087600000|  0%| F|  |TAMS 0x0000000087500000, 0x0000000087500000| Untracked 
|  88|0x0000000087600000, 0x0000000087600000, 0x0000000087700000|  0%| F|  |TAMS 0x0000000087600000, 0x0000000087600000| Untracked 
|  89|0x0000000087700000, 0x0000000087700000, 0x0000000087800000|  0%| F|  |TAMS 0x0000000087700000, 0x0000000087700000| Untracked 
|  90|0x0000000087800000, 0x0000000087800000, 0x0000000087900000|  0%| F|  |TAMS 0x0000000087800000, 0x0000000087800000| Untracked 
|  91|0x0000000087900000, 0x0000000087900000, 0x0000000087a00000|  0%| F|  |TAMS 0x0000000087900000, 0x0000000087900000| Untracked 
|  92|0x0000000087a00000, 0x0000000087a00000, 0x0000000087b00000|  0%| F|  |TAMS 0x0000000087a00000, 0x0000000087a00000| Untracked 
| 127|0x0000000089d00000, 0x0000000089d00000, 0x0000000089e00000|  0%| F|  |TAMS 0x0000000089d00000, 0x0000000089d00000| Untracked 

Card table byte_map: [0x000002cc7a4b0000,0x000002cc7a8b0000] _byte_map_base: 0x000002cc7a0a1000

Marking Bits (Prev, Next): (CMBitMap*) 0x000002cc749d9f00, (CMBitMap*) 0x000002cc749d9f40
 Prev Bits: [0x000002cc7acb0000, 0x000002cc7cc38000)
 Next Bits: [0x000002cc7cc40000, 0x000002cc7ebc8000)

Polling page: 0x000002cc79610000

Metaspace:

Usage:
  Non-class:     45.50 MB used.
      Class:      6.14 MB used.
       Both:     51.64 MB used.

Virtual space:
  Non-class space:       64.00 MB reserved,      45.62 MB ( 71%) committed,  1 nodes.
      Class space:        1.00 GB reserved,       6.25 MB ( <1%) committed,  1 nodes.
             Both:        1.06 GB reserved,      51.88 MB (  5%) committed. 

Chunk freelists:
   Non-Class:  2.06 MB
       Class:  9.72 MB
        Both:  11.78 MB

MaxMetaspaceSize: unlimited
CompressedClassSpaceSize: 1.00 GB
Initial GC threshold: 21.00 MB
Current GC threshold: 59.19 MB
CDS: off
MetaspaceReclaimPolicy: balanced
 - commit_granule_bytes: 65536.
 - commit_granule_words: 8192.
 - virtual_space_node_default_size: 8388608.
 - enlarge_chunks_in_place: 1.
 - new_chunks_are_fully_committed: 0.
 - uncommit_free_chunks: 1.
 - use_allocation_guard: 0.
 - handle_deallocations: 1.


Internal statistics:

num_allocs_failed_limit: 6.
num_arena_births: 188.
num_arena_deaths: 0.
num_vsnodes_births: 2.
num_vsnodes_deaths: 0.
num_space_committed: 829.
num_space_uncommitted: 0.
num_chunks_returned_to_freelist: 6.
num_chunks_taken_from_freelist: 1707.
num_chunk_merges: 6.
num_chunk_splits: 1452.
num_chunks_enlarged: 1328.
num_inconsistent_stats: 0.

CodeHeap 'non-profiled nmethods': size=120000Kb used=2412Kb max_used=2412Kb free=117587Kb
 bounds [0x000002cc07ad0000, 0x000002cc07d40000, 0x000002cc0f000000]
CodeHeap 'profiled nmethods': size=120000Kb used=12081Kb max_used=12081Kb free=107919Kb
 bounds [0x000002cc00000000, 0x000002cc00bd0000, 0x000002cc07530000]
CodeHeap 'non-nmethods': size=5760Kb used=1275Kb max_used=1324Kb free=4485Kb
 bounds [0x000002cc07530000, 0x000002cc077a0000, 0x000002cc07ad0000]
 total_blobs=5793 nmethods=5210 adapters=494
 compilation: enabled
              stopped_count=0, restarted_count=0
 full_count=0

Compilation events (20 events):
Event: 11.138 Thread 0x000002cc7f8ba240 nmethod 5234 0x000002cc00bc2110 code [0x000002cc00bc24a0, 0x000002cc00bc3e48]
Event: 11.138 Thread 0x000002cc7f8ba240 5233       3       org.jetbrains.kotlin.load.java.lazy.descriptors.LazyJavaScope$declaredFunctions$1::invoke (9 bytes)
Event: 11.138 Thread 0x000002cc7f8ba240 nmethod 5233 0x000002cc00bc4790 code [0x000002cc00bc4940, 0x000002cc00bc4b68]
Event: 11.139 Thread 0x000002cc7f8ba240 5235       3       org.jetbrains.kotlin.descriptors.impl.AbstractClassDescriptor::getDefaultType (22 bytes)
Event: 11.140 Thread 0x000002cc7f8ba240 nmethod 5235 0x000002cc00bc4c10 code [0x000002cc00bc4dc0, 0x000002cc00bc50f8]
Event: 11.142 Thread 0x000002cc7f8ba240 5236       3       org.jetbrains.kotlin.descriptors.impl.FunctionDescriptorImpl$CopyConfiguration::setPreserveSourceElement (16 bytes)
Event: 11.143 Thread 0x000002cc7f8ba240 nmethod 5236 0x000002cc00bc5210 code [0x000002cc00bc53a0, 0x000002cc00bc54b8]
Event: 11.144 Thread 0x000002cc7f8ba240 5237       3       org.jetbrains.kotlin.load.java.AnnotationTypeQualifierResolver::getMetaAnnotations (37 bytes)
Event: 11.145 Thread 0x000002cc7f8ba240 nmethod 5237 0x000002cc00bc5590 code [0x000002cc00bc57e0, 0x000002cc00bc6078]
Event: 11.145 Thread 0x000002cc7f8ba240 5238       3       org.jetbrains.kotlin.load.java.lazy.LazyJavaAnnotations::iterator (54 bytes)
Event: 11.148 Thread 0x000002cc7f8ba240 nmethod 5238 0x000002cc00bc6390 code [0x000002cc00bc6840, 0x000002cc00bc8958]
Event: 11.148 Thread 0x000002cc7f8ba240 5239       3       org.jetbrains.kotlin.load.java.typeEnhancement.EnhancedTypeAnnotations::iterator (9 bytes)
Event: 11.149 Thread 0x000002cc7f8ba240 nmethod 5239 0x000002cc00bc9490 code [0x000002cc00bc9640, 0x000002cc00bc9818]
Event: 11.149 Thread 0x000002cc7f8ba240 5240       3       org.jetbrains.kotlin.load.java.AbstractAnnotationTypeQualifierResolver::resolveTypeQualifierDefaultAnnotation (249 bytes)
Event: 11.151 Thread 0x000002cc7f8ba240 nmethod 5240 0x000002cc00bc9910 code [0x000002cc00bc9ca0, 0x000002cc00bcb368]
Event: 11.151 Thread 0x000002cc7f8ba240 5241       3       org.jetbrains.kotlin.load.java.ReportLevel::isIgnore (13 bytes)
Event: 11.151 Thread 0x000002cc7f8ba240 nmethod 5241 0x000002cc00bcbb90 code [0x000002cc00bcbd20, 0x000002cc00bcbe98]
Event: 11.151 Thread 0x000002cc7f8ba240 5242       3       org.jetbrains.kotlin.load.java.lazy.descriptors.LazyJavaAnnotationDescriptor$fqName$2::<init> (11 bytes)
Event: 11.151 Thread 0x000002cc7f8ba240 nmethod 5242 0x000002cc00bcbf10 code [0x000002cc00bcc0c0, 0x000002cc00bcc2f8]
Event: 11.151 Thread 0x000002cc7f8ba240 5243       3       org.jetbrains.kotlin.load.java.lazy.descriptors.LazyJavaAnnotationDescriptor$type$2::<init> (11 bytes)

GC Heap History (20 events):
Event: 5.032 GC heap after
{Heap after GC invocations=5 (full 0):
 garbage-first heap   total 40960K, used 11563K [0x0000000081e00000, 0x0000000100000000)
  region size 1024K, 1 young (1024K), 1 survivors (1024K)
 Metaspace       used 28434K, committed 28608K, reserved 1114112K
  class space    used 3517K, committed 3584K, reserved 1048576K
}
Event: 5.583 GC heap before
{Heap before GC invocations=5 (full 0):
 garbage-first heap   total 40960K, used 33067K [0x0000000081e00000, 0x0000000100000000)
  region size 1024K, 20 young (20480K), 1 survivors (1024K)
 Metaspace       used 30820K, committed 30976K, reserved 1114112K
  class space    used 3977K, committed 4032K, reserved 1048576K
}
Event: 5.598 GC heap after
{Heap after GC invocations=6 (full 0):
 garbage-first heap   total 40960K, used 17765K [0x0000000081e00000, 0x0000000100000000)
  region size 1024K, 3 young (3072K), 3 survivors (3072K)
 Metaspace       used 30820K, committed 30976K, reserved 1114112K
  class space    used 3977K, committed 4032K, reserved 1048576K
}
Event: 6.021 GC heap before
{Heap before GC invocations=6 (full 0):
 garbage-first heap   total 40960K, used 30053K [0x0000000081e00000, 0x0000000100000000)
  region size 1024K, 16 young (16384K), 3 survivors (3072K)
 Metaspace       used 34151K, committed 34432K, reserved 1114112K
  class space    used 4343K, committed 4480K, reserved 1048576K
}
Event: 6.032 GC heap after
{Heap after GC invocations=7 (full 0):
 garbage-first heap   total 40960K, used 17299K [0x0000000081e00000, 0x0000000100000000)
  region size 1024K, 2 young (2048K), 2 survivors (2048K)
 Metaspace       used 34151K, committed 34432K, reserved 1114112K
  class space    used 4343K, committed 4480K, reserved 1048576K
}
Event: 6.309 GC heap before
{Heap before GC invocations=7 (full 0):
 garbage-first heap   total 40960K, used 25491K [0x0000000081e00000, 0x0000000100000000)
  region size 1024K, 11 young (11264K), 2 survivors (2048K)
 Metaspace       used 35898K, committed 36096K, reserved 1114112K
  class space    used 4534K, committed 4672K, reserved 1048576K
}
Event: 6.315 GC heap after
{Heap after GC invocations=8 (full 0):
 garbage-first heap   total 40960K, used 18671K [0x0000000081e00000, 0x0000000100000000)
  region size 1024K, 2 young (2048K), 2 survivors (2048K)
 Metaspace       used 35898K, committed 36096K, reserved 1114112K
  class space    used 4534K, committed 4672K, reserved 1048576K
}
Event: 6.656 GC heap before
{Heap before GC invocations=9 (full 0):
 garbage-first heap   total 40960K, used 29935K [0x0000000081e00000, 0x0000000100000000)
  region size 1024K, 14 young (14336K), 2 survivors (2048K)
 Metaspace       used 38396K, committed 38592K, reserved 1114112K
  class space    used 4765K, committed 4864K, reserved 1048576K
}
Event: 6.663 GC heap after
{Heap after GC invocations=10 (full 0):
 garbage-first heap   total 40960K, used 19880K [0x0000000081e00000, 0x0000000100000000)
  region size 1024K, 2 young (2048K), 2 survivors (2048K)
 Metaspace       used 38396K, committed 38592K, reserved 1114112K
  class space    used 4765K, committed 4864K, reserved 1048576K
}
Event: 6.680 GC heap before
{Heap before GC invocations=10 (full 0):
 garbage-first heap   total 40960K, used 20904K [0x0000000081e00000, 0x0000000100000000)
  region size 1024K, 3 young (3072K), 2 survivors (2048K)
 Metaspace       used 38557K, committed 38720K, reserved 1114112K
  class space    used 4772K, committed 4864K, reserved 1048576K
}
Event: 6.684 GC heap after
{Heap after GC invocations=11 (full 0):
 garbage-first heap   total 62464K, used 19137K [0x0000000081e00000, 0x0000000100000000)
  region size 1024K, 1 young (1024K), 1 survivors (1024K)
 Metaspace       used 38557K, committed 38720K, reserved 1114112K
  class space    used 4772K, committed 4864K, reserved 1048576K
}
Event: 7.775 GC heap before
{Heap before GC invocations=11 (full 0):
 garbage-first heap   total 62464K, used 45761K [0x0000000081e00000, 0x0000000100000000)
  region size 1024K, 27 young (27648K), 1 survivors (1024K)
 Metaspace       used 45306K, committed 45568K, reserved 1114112K
  class space    used 5534K, committed 5632K, reserved 1048576K
}
Event: 7.784 GC heap after
{Heap after GC invocations=12 (full 0):
 garbage-first heap   total 62464K, used 20965K [0x0000000081e00000, 0x0000000100000000)
  region size 1024K, 3 young (3072K), 3 survivors (3072K)
 Metaspace       used 45306K, committed 45568K, reserved 1114112K
  class space    used 5534K, committed 5632K, reserved 1048576K
}
Event: 8.989 GC heap before
{Heap before GC invocations=12 (full 0):
 garbage-first heap   total 62464K, used 47589K [0x0000000081e00000, 0x0000000100000000)
  region size 1024K, 28 young (28672K), 3 survivors (3072K)
 Metaspace       used 50608K, committed 50816K, reserved 1114112K
  class space    used 6173K, committed 6272K, reserved 1048576K
}
Event: 9.007 GC heap after
{Heap after GC invocations=13 (full 0):
 garbage-first heap   total 62464K, used 26661K [0x0000000081e00000, 0x0000000100000000)
  region size 1024K, 4 young (4096K), 4 survivors (4096K)
 Metaspace       used 50608K, committed 50816K, reserved 1114112K
  class space    used 6173K, committed 6272K, reserved 1048576K
}
Event: 9.184 GC heap before
{Heap before GC invocations=13 (full 0):
 garbage-first heap   total 62464K, used 47141K [0x0000000081e00000, 0x0000000100000000)
  region size 1024K, 24 young (24576K), 4 survivors (4096K)
 Metaspace       used 50721K, committed 50944K, reserved 1114112K
  class space    used 6173K, committed 6272K, reserved 1048576K
}
Event: 9.200 GC heap after
{Heap after GC invocations=14 (full 0):
 garbage-first heap   total 62464K, used 28392K [0x0000000081e00000, 0x0000000100000000)
  region size 1024K, 2 young (2048K), 2 survivors (2048K)
 Metaspace       used 50721K, committed 50944K, reserved 1114112K
  class space    used 6173K, committed 6272K, reserved 1048576K
}
Event: 10.161 GC heap before
{Heap before GC invocations=14 (full 0):
 garbage-first heap   total 62464K, used 47848K [0x0000000081e00000, 0x0000000100000000)
  region size 1024K, 21 young (21504K), 2 survivors (2048K)
 Metaspace       used 52198K, committed 52416K, reserved 1114112K
  class space    used 6273K, committed 6400K, reserved 1048576K
}
Event: 10.184 GC heap after
{Heap after GC invocations=15 (full 0):
 garbage-first heap   total 62464K, used 31647K [0x0000000081e00000, 0x0000000100000000)
  region size 1024K, 3 young (3072K), 3 survivors (3072K)
 Metaspace       used 52198K, committed 52416K, reserved 1114112K
  class space    used 6273K, committed 6400K, reserved 1048576K
}
Event: 11.151 GC heap before
{Heap before GC invocations=15 (full 0):
 garbage-first heap   total 62464K, used 48031K [0x0000000081e00000, 0x0000000100000000)
  region size 1024K, 19 young (19456K), 3 survivors (3072K)
 Metaspace       used 52878K, committed 53120K, reserved 1114112K
  class space    used 6288K, committed 6400K, reserved 1048576K
}

Dll operation events (2 events):
Event: 0.013 Loaded shared library C:\Program Files\Android\Android Studio\jbr\bin\java.dll
Event: 4.359 Loaded shared library C:\Program Files\Android\Android Studio\jbr\bin\verify.dll

Deoptimization events (20 events):
Event: 10.998 Thread 0x000002cc7497e460 Uncommon trap: trap_request=0xffffffde fr.pc=0x000002cc07d06e48 relative=0x00000000000000a8
Event: 10.998 Thread 0x000002cc7497e460 Uncommon trap: reason=class_check action=maybe_recompile pc=0x000002cc07d06e48 method=org.jetbrains.kotlin.types.checker.ClassicTypeSystemContext$DefaultImpls.asFlexibleType(Lorg/jetbrains/kotlin/types/checker/ClassicTypeSystemContext;Lorg/jetbrains/kotli
Event: 10.998 Thread 0x000002cc7497e460 DEOPT PACKING pc=0x000002cc07d06e48 sp=0x000000e2d26f9bc0
Event: 10.998 Thread 0x000002cc7497e460 DEOPT UNPACKING pc=0x000002cc075869a3 sp=0x000000e2d26f9b30 mode 2
Event: 11.075 Thread 0x000002cc7497e460 Uncommon trap: trap_request=0xffffff66 fr.pc=0x000002cc07d23968 relative=0x0000000000000148
Event: 11.075 Thread 0x000002cc7497e460 Uncommon trap: reason=speculate_class_check action=maybe_recompile pc=0x000002cc07d23968 method=org.jetbrains.kotlin.types.checker.ClassicTypeSystemContext$DefaultImpls.asSimpleType(Lorg/jetbrains/kotlin/types/checker/ClassicTypeSystemContext;Lorg/jetbrai
Event: 11.075 Thread 0x000002cc7497e460 DEOPT PACKING pc=0x000002cc07d23968 sp=0x000000e2d26f9ed0
Event: 11.075 Thread 0x000002cc7497e460 DEOPT UNPACKING pc=0x000002cc075869a3 sp=0x000000e2d26f9c00 mode 2
Event: 11.075 Thread 0x000002cc7497e460 Uncommon trap: trap_request=0xffffff66 fr.pc=0x000002cc07d23924 relative=0x0000000000000104
Event: 11.075 Thread 0x000002cc7497e460 Uncommon trap: reason=speculate_class_check action=maybe_recompile pc=0x000002cc07d23924 method=org.jetbrains.kotlin.types.checker.ClassicTypeSystemContext$DefaultImpls.asSimpleType(Lorg/jetbrains/kotlin/types/checker/ClassicTypeSystemContext;Lorg/jetbrai
Event: 11.075 Thread 0x000002cc7497e460 DEOPT PACKING pc=0x000002cc07d23924 sp=0x000000e2d26f9f80
Event: 11.075 Thread 0x000002cc7497e460 DEOPT UNPACKING pc=0x000002cc075869a3 sp=0x000000e2d26f9cb0 mode 2
Event: 11.075 Thread 0x000002cc7497e460 Uncommon trap: trap_request=0xffffff66 fr.pc=0x000002cc07d23924 relative=0x0000000000000104
Event: 11.075 Thread 0x000002cc7497e460 Uncommon trap: reason=speculate_class_check action=maybe_recompile pc=0x000002cc07d23924 method=org.jetbrains.kotlin.types.checker.ClassicTypeSystemContext$DefaultImpls.asSimpleType(Lorg/jetbrains/kotlin/types/checker/ClassicTypeSystemContext;Lorg/jetbrai
Event: 11.075 Thread 0x000002cc7497e460 DEOPT PACKING pc=0x000002cc07d23924 sp=0x000000e2d26f9f30
Event: 11.075 Thread 0x000002cc7497e460 DEOPT UNPACKING pc=0x000002cc075869a3 sp=0x000000e2d26f9c60 mode 2
Event: 11.075 Thread 0x000002cc7497e460 Uncommon trap: trap_request=0xffffff66 fr.pc=0x000002cc07d23968 relative=0x0000000000000148
Event: 11.075 Thread 0x000002cc7497e460 Uncommon trap: reason=speculate_class_check action=maybe_recompile pc=0x000002cc07d23968 method=org.jetbrains.kotlin.types.checker.ClassicTypeSystemContext$DefaultImpls.asSimpleType(Lorg/jetbrains/kotlin/types/checker/ClassicTypeSystemContext;Lorg/jetbrai
Event: 11.075 Thread 0x000002cc7497e460 DEOPT PACKING pc=0x000002cc07d23968 sp=0x000000e2d26f9e80
Event: 11.075 Thread 0x000002cc7497e460 DEOPT UNPACKING pc=0x000002cc075869a3 sp=0x000000e2d26f9bb0 mode 2

Classes unloaded (0 events):
No events

Classes redefined (0 events):
No events

Internal exceptions (20 events):
Event: 3.582 Thread 0x000002cc7497e460 Exception <a 'java/lang/NoSuchMethodError'{0x0000000083fef5b0}: 'int java.lang.invoke.DelegatingMethodHandle$Holder.reinvoke_L(java.lang.Object, java.lang.Object, java.lang.Object, long, int)'> (0x0000000083fef5b0) 
thrown [s\src\hotspot\share\interpreter\linkResolver.cpp, line 771]
Event: 3.630 Thread 0x000002cc7497e460 Exception <a 'java/lang/NoSuchMethodError'{0x0000000083e96fe0}: 'int java.lang.invoke.DirectMethodHandle$Holder.invokeStaticInit(java.lang.Object, java.lang.Object, java.lang.Object)'> (0x0000000083e96fe0) 
thrown [s\src\hotspot\share\interpreter\linkResolver.cpp, line 771]
Event: 3.640 Thread 0x000002cc7497e460 Exception <a 'java/lang/NoSuchMethodError'{0x0000000083ec0648}: 'int java.lang.invoke.DirectMethodHandle$Holder.invokeStaticInit(java.lang.Object, java.lang.Object)'> (0x0000000083ec0648) 
thrown [s\src\hotspot\share\interpreter\linkResolver.cpp, line 771]
Event: 3.738 Thread 0x000002cc7497e460 Exception <a 'java/lang/NoSuchMethodError'{0x0000000083d9faf0}: 'void java.lang.invoke.DirectMethodHandle$Holder.invokeSpecial(java.lang.Object, java.lang.Object, java.lang.Object)'> (0x0000000083d9faf0) 
thrown [s\src\hotspot\share\interpreter\linkResolver.cpp, line 771]
Event: 3.902 Thread 0x000002cc7497e460 Exception <a 'java/lang/NoSuchMethodError'{0x0000000083ac48b0}: 'void java.lang.invoke.DirectMethodHandle$Holder.invokeStatic(java.lang.Object, java.lang.Object, java.lang.Object, java.lang.Object)'> (0x0000000083ac48b0) 
thrown [s\src\hotspot\share\interpreter\linkResolver.cpp, line 771]
Event: 4.167 Thread 0x000002cc7497e460 Exception <a 'java/lang/NoSuchMethodError'{0x0000000083685de8}: 'void java.lang.invoke.DirectMethodHandle$Holder.invokeStaticInit(java.lang.Object, java.lang.Object)'> (0x0000000083685de8) 
thrown [s\src\hotspot\share\interpreter\linkResolver.cpp, line 771]
Event: 4.639 Thread 0x000002cc7497e460 Exception <a 'java/lang/NoSuchMethodError'{0x00000000832fbb08}: 'void java.lang.invoke.DirectMethodHandle$Holder.invokeVirtual(java.lang.Object, java.lang.Object)'> (0x00000000832fbb08) 
thrown [s\src\hotspot\share\interpreter\linkResolver.cpp, line 771]
Event: 4.691 Thread 0x000002cc7497e460 Exception <a 'java/lang/NoSuchMethodError'{0x00000000831757c0}: 'int java.lang.invoke.DirectMethodHandle$Holder.invokeVirtual(java.lang.Object, java.lang.Object)'> (0x00000000831757c0) 
thrown [s\src\hotspot\share\interpreter\linkResolver.cpp, line 771]
Event: 4.725 Thread 0x000002cc7497e460 Exception <a 'java/lang/NoSuchMethodError'{0x000000008300dbe0}: 'java.lang.Object java.lang.invoke.Invokers$Holder.invokeExact_MT(java.lang.Object, java.lang.Object, java.lang.Object, java.lang.Object, java.lang.Object, java.lang.Object)'> (0x000000008300dbe0) 
thrown [s\src\hotspot\share\interpreter\linkResolver.cpp, line 771]
Event: 5.628 Thread 0x000002cc7497e460 Implicit null exception at 0x000002cc07ae7e72 to 0x000002cc07ae8444
Event: 5.870 Thread 0x000002cc7497e460 Implicit null exception at 0x000002cc07ae8af2 to 0x000002cc07ae90d4
Event: 5.939 Thread 0x000002cc7497e460 Exception <a 'java/lang/NoSuchMethodError'{0x0000000083b8bdc8}: 'java.lang.Object java.lang.invoke.DirectMethodHandle$Holder.invokeVirtual(java.lang.Object, java.lang.Object, java.lang.Object)'> (0x0000000083b8bdc8) 
thrown [s\src\hotspot\share\interpreter\linkResolver.cpp, line 771]
Event: 7.156 Thread 0x000002cc7497e460 Exception <a 'java/lang/NoSuchMethodError'{0x0000000084a85bb0}: 'java.lang.Object java.lang.invoke.DirectMethodHandle$Holder.newInvokeSpecial(java.lang.Object, java.lang.Object, int)'> (0x0000000084a85bb0) 
thrown [s\src\hotspot\share\interpreter\linkResolver.cpp, line 771]
Event: 7.308 Thread 0x000002cc7497e460 Exception <a 'java/lang/NoSuchMethodError'{0x00000000847b0200}: 'java.lang.Object java.lang.invoke.DirectMethodHandle$Holder.newInvokeSpecial(java.lang.Object, java.lang.Object, java.lang.Object, int)'> (0x00000000847b0200) 
thrown [s\src\hotspot\share\interpreter\linkResolver.cpp, line 771]
Event: 7.309 Thread 0x000002cc7497e460 Exception <a 'java/lang/NoSuchMethodError'{0x00000000847b4888}: 'java.lang.Object java.lang.invoke.DirectMethodHandle$Holder.invokeSpecial(java.lang.Object, java.lang.Object, java.lang.Object, java.lang.Object, int)'> (0x00000000847b4888) 
thrown [s\src\hotspot\share\interpreter\linkResolver.cpp, line 771]
Event: 7.309 Thread 0x000002cc7497e460 Exception <a 'java/lang/NoSuchMethodError'{0x00000000847b86f8}: 'java.lang.Object java.lang.invoke.Invokers$Holder.linkToTargetMethod(java.lang.Object, java.lang.Object, int, java.lang.Object)'> (0x00000000847b86f8) 
thrown [s\src\hotspot\share\interpreter\linkResolver.cpp, line 771]
Event: 9.570 Thread 0x000002cc7497e460 Exception <a 'java/lang/NoSuchMethodError'{0x0000000085078258}: 'java.lang.Object java.lang.invoke.DirectMethodHandle$Holder.newInvokeSpecial(java.lang.Object, int, java.lang.Object)'> (0x0000000085078258) 
thrown [s\src\hotspot\share\interpreter\linkResolver.cpp, line 771]
Event: 9.571 Thread 0x000002cc7497e460 Exception <a 'java/lang/NoSuchMethodError'{0x000000008507e590}: 'int java.lang.invoke.DirectMethodHandle$Holder.invokeInterface(java.lang.Object, java.lang.Object)'> (0x000000008507e590) 
thrown [s\src\hotspot\share\interpreter\linkResolver.cpp, line 771]
Event: 9.611 Thread 0x000002cc7497e460 Exception <a 'java/lang/NoSuchMethodError'{0x0000000084f03848}: 'java.lang.Object java.lang.invoke.DirectMethodHandle$Holder.newInvokeSpecial(java.lang.Object, java.lang.Object, java.lang.Object, java.lang.Object, java.lang.Object, java.lang.Object)'> (0x0000000084f03848) 
thrown [s\src\hotspot\share\interpreter\linkResolver.cpp, line 771]
Event: 9.903 Thread 0x000002cc7497e460 Exception <a 'java/lang/NoSuchMethodError'{0x0000000084b57798}: 'java.lang.Object java.lang.invoke.DirectMethodHandle$Holder.invokeStaticInit(java.lang.Object, java.lang.Object, java.lang.Object)'> (0x0000000084b57798) 
thrown [s\src\hotspot\share\interpreter\linkResolver.cpp, line 771]

VM Operations (20 events):
Event: 9.912 Executing VM operation: HandshakeAllThreads done
Event: 9.916 Executing VM operation: HandshakeAllThreads
Event: 9.916 Executing VM operation: HandshakeAllThreads done
Event: 10.154 Executing VM operation: ICBufferFull
Event: 10.154 Executing VM operation: ICBufferFull done
Event: 10.161 Executing VM operation: G1CollectForAllocation
Event: 10.184 Executing VM operation: G1CollectForAllocation done
Event: 10.450 Executing VM operation: ICBufferFull
Event: 10.451 Executing VM operation: ICBufferFull done
Event: 10.762 Executing VM operation: ICBufferFull
Event: 10.763 Executing VM operation: ICBufferFull done
Event: 10.984 Executing VM operation: ICBufferFull
Event: 10.984 Executing VM operation: ICBufferFull done
Event: 10.993 Executing VM operation: HandshakeAllThreads
Event: 10.993 Executing VM operation: HandshakeAllThreads done
Event: 10.996 Executing VM operation: HandshakeAllThreads
Event: 10.996 Executing VM operation: HandshakeAllThreads done
Event: 11.120 Executing VM operation: ICBufferFull
Event: 11.121 Executing VM operation: ICBufferFull done
Event: 11.151 Executing VM operation: G1CollectForAllocation

Events (20 events):
Event: 8.209 loading class java/util/stream/ReduceOps$AccumulatingSink done
Event: 8.209 loading class java/util/stream/ReduceOps$Box
Event: 8.209 loading class java/util/stream/ReduceOps$Box done
Event: 8.209 loading class java/util/stream/ReduceOps$3ReducingSink done
Event: 8.209 loading class java/util/stream/ReferencePipeline$2$1
Event: 8.209 loading class java/util/stream/ReferencePipeline$2$1 done
Event: 8.209 loading class java/util/stream/IntPipeline$1$1
Event: 8.209 loading class java/util/stream/Sink$ChainedInt
Event: 8.209 loading class java/util/stream/Sink$OfInt
Event: 8.209 loading class java/util/function/IntConsumer
Event: 8.210 loading class java/util/function/IntConsumer done
Event: 8.210 loading class java/util/stream/Sink$OfInt done
Event: 8.210 loading class java/util/stream/Sink$ChainedInt done
Event: 8.210 loading class java/util/stream/IntPipeline$1$1 done
Event: 8.601 loading class java/util/ComparableTimSort
Event: 8.602 loading class java/util/ComparableTimSort done
Event: 9.624 loading class java/util/RegularEnumSet$EnumSetIterator
Event: 9.624 loading class java/util/RegularEnumSet$EnumSetIterator done
Event: 10.016 loading class java/util/Collections$SingletonMap
Event: 10.016 loading class java/util/Collections$SingletonMap done


Dynamic libraries:
0x00007ff7058a0000 - 0x00007ff7058aa000 	C:\Program Files\Android\Android Studio\jbr\bin\java.exe
0x00007ffa5a610000 - 0x00007ffa5a808000 	C:\Windows\SYSTEM32\ntdll.dll
0x00007ffa59c00000 - 0x00007ffa59cc2000 	C:\Windows\System32\KERNEL32.DLL
0x00007ffa57fa0000 - 0x00007ffa5829e000 	C:\Windows\System32\KERNELBASE.dll
0x00007ffa58340000 - 0x00007ffa58440000 	C:\Windows\System32\ucrtbase.dll
0x00007ffa00bd0000 - 0x00007ffa00be7000 	C:\Program Files\Android\Android Studio\jbr\bin\jli.dll
0x00007ffa448f0000 - 0x00007ffa4490b000 	C:\Program Files\Android\Android Studio\jbr\bin\VCRUNTIME140.dll
0x00007ffa59d30000 - 0x00007ffa59ecd000 	C:\Windows\System32\USER32.dll
0x00007ffa58560000 - 0x00007ffa58582000 	C:\Windows\System32\win32u.dll
0x00007ffa57070000 - 0x00007ffa5730a000 	C:\Windows\WinSxS\amd64_microsoft.windows.common-controls_6595b64144ccf1df_6.0.19041.4355_none_60b8b9eb71f62e16\COMCTL32.dll
0x00007ffa58ce0000 - 0x00007ffa58d0b000 	C:\Windows\System32\GDI32.dll
0x00007ffa58760000 - 0x00007ffa587fe000 	C:\Windows\System32\msvcrt.dll
0x00007ffa58440000 - 0x00007ffa58557000 	C:\Windows\System32\gdi32full.dll
0x00007ffa582a0000 - 0x00007ffa5833d000 	C:\Windows\System32\msvcp_win.dll
0x00007ffa596e0000 - 0x00007ffa5970f000 	C:\Windows\System32\IMM32.DLL
0x00007ffa531a0000 - 0x00007ffa531ac000 	C:\Program Files\Android\Android Studio\jbr\bin\vcruntime140_1.dll
0x00007ffa3c170000 - 0x00007ffa3c1fd000 	C:\Program Files\Android\Android Studio\jbr\bin\msvcp140.dll
0x00007ff9d66e0000 - 0x00007ff9d7363000 	C:\Program Files\Android\Android Studio\jbr\bin\server\jvm.dll
0x00007ffa58810000 - 0x00007ffa588c2000 	C:\Windows\System32\ADVAPI32.dll
0x00007ffa589f0000 - 0x00007ffa58a90000 	C:\Windows\System32\sechost.dll
0x00007ffa58bb0000 - 0x00007ffa58cd3000 	C:\Windows\System32\RPCRT4.dll
0x00007ffa58600000 - 0x00007ffa58627000 	C:\Windows\System32\bcrypt.dll
0x00007ffa462c0000 - 0x00007ffa462c9000 	C:\Windows\SYSTEM32\WSOCK32.dll
0x00007ffa58980000 - 0x00007ffa589eb000 	C:\Windows\System32\WS2_32.dll
0x00007ffa578a0000 - 0x00007ffa578eb000 	C:\Windows\SYSTEM32\POWRPROF.dll
0x00007ffa48fa0000 - 0x00007ffa48fc7000 	C:\Windows\SYSTEM32\WINMM.dll
0x00007ffa54990000 - 0x00007ffa5499a000 	C:\Windows\SYSTEM32\VERSION.dll
0x00007ffa57310000 - 0x00007ffa57322000 	C:\Windows\SYSTEM32\UMPDC.dll
0x00007ffa54d20000 - 0x00007ffa54d32000 	C:\Windows\SYSTEM32\kernel.appcore.dll
0x00007ffa46110000 - 0x00007ffa4611a000 	C:\Program Files\Android\Android Studio\jbr\bin\jimage.dll
0x00007ffa576b0000 - 0x00007ffa57894000 	C:\Windows\SYSTEM32\DBGHELP.DLL
0x00007ffa57440000 - 0x00007ffa57474000 	C:\Windows\SYSTEM32\dbgcore.DLL
0x00007ffa57d00000 - 0x00007ffa57d82000 	C:\Windows\System32\bcryptPrimitives.dll
0x00007ffa1b860000 - 0x00007ffa1b885000 	C:\Program Files\Android\Android Studio\jbr\bin\java.dll
0x00007ffa23640000 - 0x00007ffa23658000 	C:\Program Files\Android\Android Studio\jbr\bin\zip.dll
0x00007ffa58e40000 - 0x00007ffa595af000 	C:\Windows\System32\SHELL32.dll
0x00007ffa54f20000 - 0x00007ffa556c4000 	C:\Windows\SYSTEM32\windows.storage.dll
0x00007ffa59ed0000 - 0x00007ffa5a223000 	C:\Windows\System32\combase.dll
0x00007ffa56fd0000 - 0x00007ffa56ffe000 	C:\Windows\SYSTEM32\Wldp.dll
0x00007ffa58630000 - 0x00007ffa586fd000 	C:\Windows\System32\OLEAUT32.dll
0x00007ffa59620000 - 0x00007ffa596cd000 	C:\Windows\System32\SHCORE.dll
0x00007ffa58700000 - 0x00007ffa58755000 	C:\Windows\System32\shlwapi.dll
0x00007ffa57be0000 - 0x00007ffa57c04000 	C:\Windows\SYSTEM32\profapi.dll
0x00007ffa199e0000 - 0x00007ffa199f9000 	C:\Program Files\Android\Android Studio\jbr\bin\net.dll
0x00007ffa4f9d0000 - 0x00007ffa4fadd000 	C:\Windows\SYSTEM32\WINHTTP.dll
0x00007ffa56ed0000 - 0x00007ffa56f3a000 	C:\Windows\system32\mswsock.dll
0x00007ffa011d0000 - 0x00007ffa011e6000 	C:\Program Files\Android\Android Studio\jbr\bin\nio.dll
0x00007ffa32360000 - 0x00007ffa32370000 	C:\Program Files\Android\Android Studio\jbr\bin\verify.dll

dbghelp: loaded successfully - version: 4.0.5 - missing functions: none
symbol engine: initialized successfully - sym options: 0x614 - pdb path: .;C:\Program Files\Android\Android Studio\jbr\bin;C:\Windows\SYSTEM32;C:\Windows\WinSxS\amd64_microsoft.windows.common-controls_6595b64144ccf1df_6.0.19041.4355_none_60b8b9eb71f62e16;C:\Program Files\Android\Android Studio\jbr\bin\server

VM Arguments:
java_command: org.jetbrains.kotlin.cli.jvm.K2JVMCompiler @C:\Users\lenovo\AndroidStudioProjects\viewdata\app\build\20241108_12613873221171830659.compiler.options
java_class_path (initial): C:\Users\lenovo\.gradle\caches\modules-2\files-2.1\org.jetbrains.kotlin\kotlin-compiler-embeddable\1.9.0\2c8c3a7402becca891f12739b3e9fd2dc2adbd7a\kotlin-compiler-embeddable-1.9.0.jar;C:\Users\lenovo\.gradle\caches\modules-2\files-2.1\org.jetbrains.kotlin\kotlin-stdlib\1.9.0\8ee15ef0c67dc83d874f412d84378d7f0eb50b63\kotlin-stdlib-1.9.0.jar;C:\Users\lenovo\.gradle\caches\modules-2\files-2.1\org.jetbrains.kotlin\kotlin-script-runtime\1.9.0\4b3102cbbb7e1b58d9d1adf89563f00069ffa7d1\kotlin-script-runtime-1.9.0.jar;C:\Users\lenovo\.gradle\caches\modules-2\files-2.1\org.jetbrains.kotlin\kotlin-reflect\1.6.10\1cbe9c92c12a94eea200d23c2bbaedaf3daf5132\kotlin-reflect-1.6.10.jar;C:\Users\lenovo\.gradle\caches\modules-2\files-2.1\org.jetbrains.kotlin\kotlin-daemon-embeddable\1.9.0\186543f5e28cf8d9a0290fecc2cf34301c40a65c\kotlin-daemon-embeddable-1.9.0.jar;C:\Users\lenovo\.gradle\caches\modules-2\files-2.1\org.jetbrains.intellij.deps\trove4j\1.0.20200330\3afb14d5f9ceb459d724e907a21145e8ff394f02\trove4j-1.0.20200330.jar;C:\Users\lenovo\.gradle\caches\modules-2\files-2.1\org.jetbrains.kotlin\kotlin-stdlib-common\1.9.0\cd65c21cfd1eec4d44ef09f9f52b6d9f8a720636\kotlin-stdlib-common-1.9.0.jar;C:\Users\lenovo\.gradle\caches\modules-2\files-2.1\org.jetbrains\annotations\13.0\919f0dfe192fb4e063e7dacadee7f8bb9a2672a9\annotations-13.0.jar
Launcher Type: SUN_STANDARD

[Global flags]
     intx CICompilerCount                          = 4                                         {product} {ergonomic}
     uint ConcGCThreads                            = 2                                         {product} {ergonomic}
     uint G1ConcRefinementThreads                  = 8                                         {product} {ergonomic}
   size_t G1HeapRegionSize                         = 1048576                                   {product} {ergonomic}
    uintx GCDrainStackTargetSize                   = 64                                        {product} {ergonomic}
   size_t InitialHeapSize                          = 134217728                                 {product} {ergonomic}
   size_t MarkStackSize                            = 4194304                                   {product} {ergonomic}
   size_t MaxHeapSize                              = 2116026368                                {product} {ergonomic}
   size_t MaxNewSize                               = 1268776960                                {product} {ergonomic}
   size_t MinHeapDeltaBytes                        = 1048576                                   {product} {ergonomic}
   size_t MinHeapSize                              = 8388608                                   {product} {ergonomic}
    uintx NonNMethodCodeHeapSize                   = 5839372                                {pd product} {ergonomic}
    uintx NonProfiledCodeHeapSize                  = 122909434                              {pd product} {ergonomic}
    uintx ProfiledCodeHeapSize                     = 122909434                              {pd product} {ergonomic}
    uintx ReservedCodeCacheSize                    = 251658240                              {pd product} {ergonomic}
     bool SegmentedCodeCache                       = true                                      {product} {ergonomic}
   size_t SoftMaxHeapSize                          = 2116026368                             {manageable} {ergonomic}
     bool UseCompressedClassPointers               = true                           {product lp64_product} {ergonomic}
     bool UseCompressedOops                        = true                           {product lp64_product} {ergonomic}
     bool UseG1GC                                  = true                                      {product} {ergonomic}
     bool UseLargePagesIndividualAllocation        = false                                  {pd product} {ergonomic}

Logging:
Log output configuration:
 #0: stdout all=warning uptime,level,tags
 #1: stderr all=off uptime,level,tags

Environment Variables:
PATH=C:\Program Files\Common Files\Oracle\Java\javapath;C:\Program Files (x86)\Common Files\Oracle\Java\javapath;C:\Windows\system32;C:\Windows;C:\Windows\System32\Wbem;C:\Windows\System32\WindowsPowerShell\v1.0\;C:\Windows\System32\OpenSSH\;C:\Program Files\NVIDIA Corporation\NVIDIA NvDLISR;C:\Program Files (x86)\NVIDIA Corporation\PhysX\Common;C:\Program Files (x86)\AOMEI\AOMEI Backupper\7.3.2;C:\Program Files\Docker\Docker\resources\bin;C:\Program Files\Git\cmd;C:\Program Files\dotnet\;C:\xampp\php;C:\composer;C:\Users\lenovo\AppData\Local\Programs\Python\Launcher\;C:\Users\lenovo\AppData\Local\Microsoft\WindowsApps;;C:\Users\lenovo\AppData\Local\Programs\Microsoft VS Code\bin;C:\Users\lenovo\AppData\Roaming\Composer\vendor\bin
USERNAME=lenovo
OS=Windows_NT
PROCESSOR_IDENTIFIER=Intel64 Family 6 Model 60 Stepping 3, GenuineIntel
TMP=C:\Users\lenovo\AppData\Local\Temp
TEMP=C:\Users\lenovo\AppData\Local\Temp



Periodic native trim disabled

JNI global refs:
JNI global refs: 10, weak refs: 2

JNI global refs memory usage: 843, weak refs: 841

Process memory usage:
Resident Set Size: 194056K (2% of 8264432K total physical memory with 416864K free physical memory)

OOME stack traces (most recent first):
Classloader memory used:
Loader jdk.internal.loader.ClassLoaders$AppClassLoader                                 : 5305K
Loader bootstrap                                                                       : 1296K
Loader jdk.internal.reflect.DelegatingClassLoader                                      : 7768B


---------------  S Y S T E M  ---------------

OS:
 Windows 10 , 64 bit Build 19041 (10.0.19041.4957)
OS uptime: 0 days 1:15 hours

CPU: total 8 (initial active 8) (4 cores per cpu, 2 threads per core) family 6 model 60 stepping 3 microcode 0x27, cx8, cmov, fxsr, ht, mmx, sse, sse2, sse3, ssse3, sse4.1, sse4.2, popcnt, lzcnt, tsc, tscinvbit, avx, avx2, aes, erms, clmul, bmi1, bmi2, fma, vzeroupper, clflush
Processor Information for all 8 processors :
  Max Mhz: 2494, Current Mhz: 2444, Mhz Limit: 2494

Memory: 4k page, system-wide physical 8070M (404M free)
TotalPageFile size 16262M (AvailPageFile size 24M)
current process WorkingSet (physical memory assigned to process): 189M, peak: 215M
current process commit charge ("private bytes"): 272M, peak: 293M

vm_info: OpenJDK 64-Bit Server VM (17.0.11+0--11852314) for windows-amd64 JRE (17.0.11+0--11852314), built on May 16 2024 21:29:20 by "androidbuild" with MS VC++ 16.10 / 16.11 (VS2019)

END.
